{"/home/notrodans/projects/api-express/src/app.ts": {"path":"/home/notrodans/projects/api-express/src/app.ts","statementMap":{"0":{"start":{"line":1,"column":0},"end":{"line":1,"column":43}},"1":{"start":{"line":4,"column":0},"end":{"line":4,"column":35}},"2":{"start":{"line":6,"column":0},"end":{"line":6,"column":47}},"3":{"start":{"line":7,"column":0},"end":{"line":7,"column":32}},"4":{"start":{"line":9,"column":0},"end":{"line":9,"column":58}},"5":{"start":{"line":10,"column":0},"end":{"line":10,"column":58}},"6":{"start":{"line":11,"column":0},"end":{"line":11,"column":26}},"7":{"start":{"line":12,"column":0},"end":{"line":12,"column":58}},"8":{"start":{"line":15,"column":7},"end":{"line":57,"column":null}},"9":{"start":{"line":21,"column":42},"end":{"line":21,"column":57}},"10":{"start":{"line":22,"column":49},"end":{"line":22,"column":66}},"11":{"start":{"line":23,"column":50},"end":{"line":23,"column":83}},"12":{"start":{"line":24,"column":48},"end":{"line":24,"column":63}},"13":{"start":{"line":25,"column":48},"end":{"line":25,"column":77}},"14":{"start":{"line":27,"column":2},"end":{"line":27,"column":23}},"15":{"start":{"line":28,"column":2},"end":{"line":28,"column":19}},"16":{"start":{"line":32,"column":2},"end":{"line":32,"column":54}},"17":{"start":{"line":36,"column":2},"end":{"line":36,"column":23}},"18":{"start":{"line":37,"column":25},"end":{"line":37,"column":77}},"19":{"start":{"line":38,"column":2},"end":{"line":38,"column":60}},"20":{"start":{"line":42,"column":2},"end":{"line":42,"column":70}},"21":{"start":{"line":46,"column":2},"end":{"line":46,"column":24}},"22":{"start":{"line":47,"column":2},"end":{"line":47,"column":19}},"23":{"start":{"line":48,"column":2},"end":{"line":48,"column":29}},"24":{"start":{"line":49,"column":2},"end":{"line":49,"column":37}},"25":{"start":{"line":50,"column":2},"end":{"line":50,"column":43}},"26":{"start":{"line":51,"column":2},"end":{"line":51,"column":70}},"27":{"start":{"line":55,"column":2},"end":{"line":55,"column":22}},"28":{"start":{"line":15,"column":13},"end":{"line":57,"column":null}},"29":{"start":{"line":15,"column":13},"end":{"line":15,"column":16}}},"fnMap":{"0":{"name":"(anonymous_12)","decl":{"start":{"line":20,"column":1},"end":{"line":20,"column":null}},"loc":{"start":{"line":25,"column":77},"end":{"line":29,"column":2}}},"1":{"name":"(anonymous_13)","decl":{"start":{"line":31,"column":1},"end":{"line":31,"column":10}},"loc":{"start":{"line":31,"column":10},"end":{"line":33,"column":2}}},"2":{"name":"(anonymous_14)","decl":{"start":{"line":35,"column":1},"end":{"line":35,"column":15}},"loc":{"start":{"line":35,"column":15},"end":{"line":39,"column":2}}},"3":{"name":"(anonymous_15)","decl":{"start":{"line":41,"column":1},"end":{"line":41,"column":20}},"loc":{"start":{"line":41,"column":20},"end":{"line":43,"column":2}}},"4":{"name":"(anonymous_16)","decl":{"start":{"line":45,"column":14},"end":{"line":45,"column":18}},"loc":{"start":{"line":45,"column":18},"end":{"line":52,"column":null}}},"5":{"name":"(anonymous_18)","decl":{"start":{"line":54,"column":8},"end":{"line":54,"column":13}},"loc":{"start":{"line":54,"column":13},"end":{"line":56,"column":2}}}},"branchMap":{},"s":{"0":1,"1":1,"2":1,"3":1,"4":1,"5":1,"6":1,"7":1,"8":1,"9":1,"10":1,"11":1,"12":1,"13":1,"14":1,"15":1,"16":1,"17":1,"18":1,"19":1,"20":1,"21":1,"22":1,"23":1,"24":1,"25":1,"26":1,"27":1,"28":1,"29":1},"f":{"0":1,"1":1,"2":1,"3":1,"4":1,"5":1},"b":{}}
,"/home/notrodans/projects/api-express/src/main.ts": {"path":"/home/notrodans/projects/api-express/src/main.ts","statementMap":{"0":{"start":{"line":1,"column":0},"end":{"line":1,"column":58}},"1":{"start":{"line":2,"column":0},"end":{"line":2,"column":28}},"2":{"start":{"line":3,"column":0},"end":{"line":3,"column":56}},"3":{"start":{"line":4,"column":0},"end":{"line":4,"column":67}},"4":{"start":{"line":5,"column":0},"end":{"line":5,"column":32}},"5":{"start":{"line":10,"column":0},"end":{"line":10,"column":52}},"6":{"start":{"line":11,"column":0},"end":{"line":11,"column":56}},"7":{"start":{"line":13,"column":0},"end":{"line":13,"column":58}},"8":{"start":{"line":14,"column":0},"end":{"line":14,"column":59}},"9":{"start":{"line":15,"column":0},"end":{"line":15,"column":60}},"10":{"start":{"line":19,"column":13},"end":{"line":28,"column":3}},"11":{"start":{"line":20,"column":1},"end":{"line":20,"column":67}},"12":{"start":{"line":21,"column":1},"end":{"line":21,"column":67}},"13":{"start":{"line":22,"column":1},"end":{"line":22,"column":64}},"14":{"start":{"line":23,"column":1},"end":{"line":23,"column":56}},"15":{"start":{"line":24,"column":1},"end":{"line":24,"column":80}},"16":{"start":{"line":25,"column":1},"end":{"line":25,"column":79}},"17":{"start":{"line":26,"column":1},"end":{"line":26,"column":85}},"18":{"start":{"line":27,"column":1},"end":{"line":27,"column":38}},"19":{"start":{"line":31,"column":22},"end":{"line":31,"column":39}},"20":{"start":{"line":32,"column":1},"end":{"line":32,"column":32}},"21":{"start":{"line":33,"column":13},"end":{"line":33,"column":53}},"22":{"start":{"line":34,"column":1},"end":{"line":34,"column":18}},"23":{"start":{"line":35,"column":1},"end":{"line":35,"column":30}},"24":{"start":{"line":38,"column":13},"end":{"line":38,"column":32}}},"fnMap":{"0":{"name":"(anonymous_7)","decl":{"start":{"line":19,"column":47},"end":{"line":19,"column":48}},"loc":{"start":{"line":19,"column":73},"end":{"line":28,"column":1}}},"1":{"name":"bootstrap","decl":{"start":{"line":30,"column":15},"end":{"line":30,"column":24}},"loc":{"start":{"line":30,"column":24},"end":{"line":36,"column":null}}}},"branchMap":{},"s":{"0":1,"1":1,"2":1,"3":1,"4":1,"5":1,"6":1,"7":1,"8":1,"9":1,"10":1,"11":1,"12":1,"13":1,"14":1,"15":1,"16":1,"17":1,"18":1,"19":1,"20":1,"21":1,"22":1,"23":1,"24":1},"f":{"0":1,"1":1},"b":{}}
,"/home/notrodans/projects/api-express/src/types.ts": {"path":"/home/notrodans/projects/api-express/src/types.ts","statementMap":{"0":{"start":{"line":1,"column":13},"end":{"line":10,"column":2}}},"fnMap":{},"branchMap":{},"s":{"0":1},"f":{},"b":{}}
,"/home/notrodans/projects/api-express/src/common/auth.guard.ts": {"path":"/home/notrodans/projects/api-express/src/common/auth.guard.ts","statementMap":{"0":{"start":{"line":6,"column":2},"end":{"line":8,"column":null}},"1":{"start":{"line":7,"column":3},"end":{"line":7,"column":17}},"2":{"start":{"line":9,"column":2},"end":{"line":9,"column":52}},"3":{"start":{"line":4,"column":0},"end":{"line":4,"column":13}}},"fnMap":{"0":{"name":"(anonymous_0)","decl":{"start":{"line":5,"column":1},"end":{"line":5,"column":8}},"loc":{"start":{"line":5,"column":56},"end":{"line":10,"column":2}}}},"branchMap":{"0":{"loc":{"start":{"line":6,"column":2},"end":{"line":8,"column":null}},"type":"if","locations":[{"start":{"line":6,"column":2},"end":{"line":8,"column":null}}]}},"s":{"0":2,"1":1,"2":1,"3":1},"f":{"0":2},"b":{"0":[1]}}
,"/home/notrodans/projects/api-express/src/common/auth.middleware.ts": {"path":"/home/notrodans/projects/api-express/src/common/auth.middleware.ts","statementMap":{"0":{"start":{"line":1,"column":0},"end":{"line":1,"column":38}},"1":{"start":{"line":6,"column":30},"end":{"line":6,"column":44}},"2":{"start":{"line":9,"column":2},"end":{"line":21,"column":null}},"3":{"start":{"line":10,"column":17},"end":{"line":10,"column":56}},"4":{"start":{"line":11,"column":3},"end":{"line":18,"column":6}},"5":{"start":{"line":12,"column":4},"end":{"line":17,"column":null}},"6":{"start":{"line":13,"column":5},"end":{"line":13,"column":12}},"7":{"start":{"line":14,"column":11},"end":{"line":17,"column":null}},"8":{"start":{"line":15,"column":5},"end":{"line":15,"column":30}},"9":{"start":{"line":16,"column":5},"end":{"line":16,"column":12}},"10":{"start":{"line":20,"column":3},"end":{"line":20,"column":10}},"11":{"start":{"line":5,"column":0},"end":{"line":5,"column":13}}},"fnMap":{"0":{"name":"(anonymous_0)","decl":{"start":{"line":6,"column":1},"end":{"line":6,"column":30}},"loc":{"start":{"line":6,"column":44},"end":{"line":6,"column":48}}},"1":{"name":"(anonymous_1)","decl":{"start":{"line":8,"column":1},"end":{"line":8,"column":8}},"loc":{"start":{"line":8,"column":56},"end":{"line":22,"column":2}}},"2":{"name":"(anonymous_2)","decl":{"start":{"line":11,"column":30},"end":{"line":11,"column":31}},"loc":{"start":{"line":11,"column":47},"end":{"line":18,"column":4}}}},"branchMap":{"0":{"loc":{"start":{"line":9,"column":2},"end":{"line":21,"column":null}},"type":"if","locations":[{"start":{"line":9,"column":2},"end":{"line":21,"column":null}},{"start":{"line":19,"column":9},"end":{"line":21,"column":null}}]},"1":{"loc":{"start":{"line":12,"column":4},"end":{"line":17,"column":null}},"type":"if","locations":[{"start":{"line":12,"column":4},"end":{"line":17,"column":null}},{"start":{"line":14,"column":11},"end":{"line":17,"column":null}}]},"2":{"loc":{"start":{"line":14,"column":11},"end":{"line":17,"column":null}},"type":"if","locations":[{"start":{"line":14,"column":11},"end":{"line":17,"column":null}}]},"3":{"loc":{"start":{"line":14,"column":15},"end":{"line":14,"column":53}},"type":"binary-expr","locations":[{"start":{"line":14,"column":15},"end":{"line":14,"column":22}},{"start":{"line":14,"column":26},"end":{"line":14,"column":53}}]}},"s":{"0":1,"1":1,"2":6,"3":2,"4":2,"5":2,"6":1,"7":1,"8":1,"9":1,"10":4,"11":1},"f":{"0":1,"1":6,"2":2},"b":{"0":[2,4],"1":[1,1],"2":[1],"3":[1,1]}}
,"/home/notrodans/projects/api-express/src/common/base.controller.ts": {"path":"/home/notrodans/projects/api-express/src/common/base.controller.ts","statementMap":{"0":{"start":{"line":1,"column":0},"end":{"line":1,"column":43}},"1":{"start":{"line":2,"column":0},"end":{"line":2,"column":39}},"2":{"start":{"line":4,"column":0},"end":{"line":4,"column":9}},"3":{"start":{"line":4,"column":9},"end":{"line":4,"column":33}},"4":{"start":{"line":5,"column":0},"end":{"line":5,"column":26}},"5":{"start":{"line":9,"column":7},"end":{"line":42,"column":null}},"6":{"start":{"line":12,"column":30},"end":{"line":12,"column":45}},"7":{"start":{"line":13,"column":2},"end":{"line":13,"column":26}},"8":{"start":{"line":17,"column":2},"end":{"line":17,"column":22}},"9":{"start":{"line":21,"column":2},"end":{"line":21,"column":31}},"10":{"start":{"line":22,"column":2},"end":{"line":22,"column":40}},"11":{"start":{"line":26,"column":2},"end":{"line":26,"column":41}},"12":{"start":{"line":30,"column":2},"end":{"line":30,"column":29}},"13":{"start":{"line":34,"column":2},"end":{"line":40,"column":null}},"14":{"start":{"line":35,"column":3},"end":{"line":35,"column":54}},"15":{"start":{"line":36,"column":22},"end":{"line":36,"column":68}},"16":{"start":{"line":36,"column":50},"end":{"line":36,"column":67}},"17":{"start":{"line":37,"column":19},"end":{"line":37,"column":40}},"18":{"start":{"line":38,"column":20},"end":{"line":38,"column":67}},"19":{"start":{"line":39,"column":3},"end":{"line":39,"column":51}},"20":{"start":{"line":9,"column":22},"end":{"line":42,"column":null}},"21":{"start":{"line":9,"column":22},"end":{"line":9,"column":36}}},"fnMap":{"0":{"name":"(anonymous_2)","decl":{"start":{"line":4,"column":9},"end":{"line":4,"column":15}},"loc":{"start":{"line":4,"column":9},"end":{"line":4,"column":33}}},"1":{"name":"(anonymous_3)","decl":{"start":{"line":12,"column":1},"end":{"line":12,"column":30}},"loc":{"start":{"line":12,"column":45},"end":{"line":14,"column":2}}},"2":{"name":"(anonymous_4)","decl":{"start":{"line":16,"column":1},"end":{"line":16,"column":5}},"loc":{"start":{"line":16,"column":11},"end":{"line":18,"column":2}}},"3":{"name":"(anonymous_5)","decl":{"start":{"line":20,"column":8},"end":{"line":20,"column":12}},"loc":{"start":{"line":20,"column":55},"end":{"line":23,"column":2}}},"4":{"name":"(anonymous_6)","decl":{"start":{"line":25,"column":8},"end":{"line":25,"column":10}},"loc":{"start":{"line":25,"column":39},"end":{"line":27,"column":2}}},"5":{"name":"(anonymous_7)","decl":{"start":{"line":29,"column":8},"end":{"line":29,"column":15}},"loc":{"start":{"line":29,"column":29},"end":{"line":31,"column":2}}},"6":{"name":"(anonymous_8)","decl":{"start":{"line":33,"column":11},"end":{"line":33,"column":21}},"loc":{"start":{"line":33,"column":48},"end":{"line":41,"column":2}}},"7":{"name":"(anonymous_9)","decl":{"start":{"line":36,"column":45},"end":{"line":36,"column":46}},"loc":{"start":{"line":36,"column":50},"end":{"line":36,"column":67}}}},"branchMap":{"0":{"loc":{"start":{"line":36,"column":22},"end":{"line":36,"column":68}},"type":"cond-expr","locations":[{"start":{"line":36,"column":39},"end":{"line":36,"column":41}},{"start":{"line":36,"column":39},"end":{"line":36,"column":68}}]},"1":{"loc":{"start":{"line":36,"column":22},"end":{"line":36,"column":41}},"type":"binary-expr","locations":[{"start":{"line":36,"column":22},"end":{"line":36,"column":41}},{"start":{"line":36,"column":39},"end":{"line":36,"column":41}}]},"2":{"loc":{"start":{"line":38,"column":20},"end":{"line":38,"column":67}},"type":"cond-expr","locations":[{"start":{"line":38,"column":33},"end":{"line":38,"column":57}},{"start":{"line":38,"column":60},"end":{"line":38,"column":67}}]}},"s":{"0":1,"1":1,"2":1,"3":1,"4":1,"5":1,"6":1,"7":1,"8":4,"9":2,"10":2,"11":2,"12":0,"13":1,"14":3,"15":3,"16":3,"17":3,"18":3,"19":3,"20":1,"21":1},"f":{"0":0,"1":1,"2":4,"3":2,"4":2,"5":0,"6":1,"7":3},"b":{"0":[0,3],"1":[3,3],"2":[3,0]}}
,"/home/notrodans/projects/api-express/src/common/validate.middleware.ts": {"path":"/home/notrodans/projects/api-express/src/common/validate.middleware.ts","statementMap":{"0":{"start":{"line":1,"column":0},"end":{"line":1,"column":67}},"1":{"start":{"line":2,"column":0},"end":{"line":2,"column":43}},"2":{"start":{"line":7,"column":30},"end":{"line":7,"column":71}},"3":{"start":{"line":10,"column":19},"end":{"line":10,"column":59}},"4":{"start":{"line":11,"column":17},"end":{"line":11,"column":41}},"5":{"start":{"line":12,"column":2},"end":{"line":16,"column":null}},"6":{"start":{"line":13,"column":3},"end":{"line":13,"column":32}},"7":{"start":{"line":15,"column":3},"end":{"line":15,"column":10}},"8":{"start":{"line":6,"column":0},"end":{"line":6,"column":13}}},"fnMap":{"0":{"name":"(anonymous_7)","decl":{"start":{"line":7,"column":1},"end":{"line":7,"column":30}},"loc":{"start":{"line":7,"column":71},"end":{"line":7,"column":75}}},"1":{"name":"(anonymous_8)","decl":{"start":{"line":9,"column":7},"end":{"line":9,"column":14}},"loc":{"start":{"line":9,"column":67},"end":{"line":17,"column":null}}}},"branchMap":{"0":{"loc":{"start":{"line":12,"column":2},"end":{"line":16,"column":null}},"type":"if","locations":[{"start":{"line":12,"column":2},"end":{"line":16,"column":null}},{"start":{"line":14,"column":9},"end":{"line":16,"column":null}}]}},"s":{"0":1,"1":1,"2":2,"3":4,"4":4,"5":4,"6":1,"7":3,"8":1},"f":{"0":2,"1":4},"b":{"0":[1,3]}}
,"/home/notrodans/projects/api-express/src/config/config.service.ts": {"path":"/home/notrodans/projects/api-express/src/config/config.service.ts","statementMap":{"0":{"start":{"line":2,"column":0},"end":{"line":2,"column":71}},"1":{"start":{"line":3,"column":0},"end":{"line":3,"column":47}},"2":{"start":{"line":4,"column":0},"end":{"line":4,"column":33}},"3":{"start":{"line":8,"column":7},"end":{"line":22,"column":null}},"4":{"start":{"line":10,"column":53},"end":{"line":10,"column":68}},"5":{"start":{"line":11,"column":37},"end":{"line":11,"column":45}},"6":{"start":{"line":12,"column":2},"end":{"line":17,"column":null}},"7":{"start":{"line":13,"column":3},"end":{"line":13,"column":89}},"8":{"start":{"line":15,"column":3},"end":{"line":15,"column":68}},"9":{"start":{"line":16,"column":3},"end":{"line":16,"column":52}},"10":{"start":{"line":20,"column":2},"end":{"line":20,"column":26}},"11":{"start":{"line":8,"column":13},"end":{"line":22,"column":null}},"12":{"start":{"line":8,"column":13},"end":{"line":8,"column":26}}},"fnMap":{"0":{"name":"(anonymous_4)","decl":{"start":{"line":10,"column":1},"end":{"line":10,"column":14}},"loc":{"start":{"line":10,"column":68},"end":{"line":18,"column":2}}},"1":{"name":"(anonymous_5)","decl":{"start":{"line":19,"column":1},"end":{"line":19,"column":4}},"loc":{"start":{"line":19,"column":16},"end":{"line":21,"column":2}}}},"branchMap":{"0":{"loc":{"start":{"line":12,"column":2},"end":{"line":17,"column":null}},"type":"if","locations":[{"start":{"line":12,"column":2},"end":{"line":17,"column":null}},{"start":{"line":14,"column":9},"end":{"line":17,"column":null}}]}},"s":{"0":1,"1":1,"2":1,"3":1,"4":1,"5":1,"6":1,"7":0,"8":1,"9":1,"10":2,"11":1,"12":1},"f":{"0":1,"1":2},"b":{"0":[0,1]}}
,"/home/notrodans/projects/api-express/src/database/prisma.service.ts": {"path":"/home/notrodans/projects/api-express/src/database/prisma.service.ts","statementMap":{"0":{"start":{"line":1,"column":0},"end":{"line":1,"column":57}},"1":{"start":{"line":2,"column":0},"end":{"line":2,"column":47}},"2":{"start":{"line":4,"column":0},"end":{"line":4,"column":33}},"3":{"start":{"line":7,"column":7},"end":{"line":35,"column":null}},"4":{"start":{"line":10,"column":53},"end":{"line":10,"column":68}},"5":{"start":{"line":11,"column":2},"end":{"line":11,"column":35}},"6":{"start":{"line":15,"column":2},"end":{"line":22,"column":null}},"7":{"start":{"line":16,"column":3},"end":{"line":16,"column":32}},"8":{"start":{"line":17,"column":3},"end":{"line":17,"column":71}},"9":{"start":{"line":19,"column":3},"end":{"line":21,"column":null}},"10":{"start":{"line":20,"column":4},"end":{"line":20,"column":90}},"11":{"start":{"line":26,"column":2},"end":{"line":33,"column":null}},"12":{"start":{"line":27,"column":3},"end":{"line":27,"column":35}},"13":{"start":{"line":28,"column":3},"end":{"line":28,"column":73}},"14":{"start":{"line":30,"column":3},"end":{"line":32,"column":null}},"15":{"start":{"line":31,"column":4},"end":{"line":31,"column":90}},"16":{"start":{"line":7,"column":13},"end":{"line":35,"column":null}},"17":{"start":{"line":7,"column":13},"end":{"line":7,"column":26}}},"fnMap":{"0":{"name":"(anonymous_11)","decl":{"start":{"line":10,"column":1},"end":{"line":10,"column":14}},"loc":{"start":{"line":10,"column":68},"end":{"line":12,"column":2}}},"1":{"name":"(anonymous_12)","decl":{"start":{"line":14,"column":7},"end":{"line":14,"column":14}},"loc":{"start":{"line":14,"column":14},"end":{"line":23,"column":null}}},"2":{"name":"(anonymous_14)","decl":{"start":{"line":25,"column":7},"end":{"line":25,"column":17}},"loc":{"start":{"line":25,"column":17},"end":{"line":34,"column":null}}}},"branchMap":{"0":{"loc":{"start":{"line":19,"column":3},"end":{"line":21,"column":null}},"type":"if","locations":[{"start":{"line":19,"column":3},"end":{"line":21,"column":null}}]},"1":{"loc":{"start":{"line":30,"column":3},"end":{"line":32,"column":null}},"type":"if","locations":[{"start":{"line":30,"column":3},"end":{"line":32,"column":null}}]}},"s":{"0":1,"1":1,"2":1,"3":1,"4":1,"5":1,"6":1,"7":1,"8":1,"9":0,"10":0,"11":0,"12":0,"13":0,"14":0,"15":0,"16":1,"17":1},"f":{"0":1,"1":1,"2":0},"b":{"0":[0],"1":[0]}}
,"/home/notrodans/projects/api-express/src/errors/exception.filter.ts": {"path":"/home/notrodans/projects/api-express/src/errors/exception.filter.ts","statementMap":{"0":{"start":{"line":2,"column":0},"end":{"line":2,"column":47}},"1":{"start":{"line":4,"column":0},"end":{"line":4,"column":33}},"2":{"start":{"line":5,"column":0},"end":{"line":5,"column":47}},"3":{"start":{"line":6,"column":0},"end":{"line":6,"column":26}},"4":{"start":{"line":10,"column":7},"end":{"line":22,"column":null}},"5":{"start":{"line":11,"column":44},"end":{"line":11,"column":59}},"6":{"start":{"line":14,"column":2},"end":{"line":20,"column":null}},"7":{"start":{"line":15,"column":3},"end":{"line":15,"column":82}},"8":{"start":{"line":16,"column":3},"end":{"line":16,"column":57}},"9":{"start":{"line":18,"column":3},"end":{"line":18,"column":39}},"10":{"start":{"line":19,"column":3},"end":{"line":19,"column":46}},"11":{"start":{"line":10,"column":13},"end":{"line":22,"column":null}},"12":{"start":{"line":10,"column":13},"end":{"line":10,"column":28}}},"fnMap":{"0":{"name":"(anonymous_4)","decl":{"start":{"line":11,"column":1},"end":{"line":11,"column":14}},"loc":{"start":{"line":11,"column":59},"end":{"line":11,"column":63}}},"1":{"name":"(anonymous_5)","decl":{"start":{"line":13,"column":1},"end":{"line":13,"column":6}},"loc":{"start":{"line":13,"column":78},"end":{"line":21,"column":2}}}},"branchMap":{"0":{"loc":{"start":{"line":14,"column":2},"end":{"line":20,"column":null}},"type":"if","locations":[{"start":{"line":14,"column":2},"end":{"line":20,"column":null}},{"start":{"line":17,"column":9},"end":{"line":20,"column":null}}]}},"s":{"0":1,"1":1,"2":1,"3":1,"4":1,"5":1,"6":2,"7":2,"8":2,"9":0,"10":0,"11":1,"12":1},"f":{"0":1,"1":2},"b":{"0":[2,0]}}
,"/home/notrodans/projects/api-express/src/errors/http-error.class.ts": {"path":"/home/notrodans/projects/api-express/src/errors/http-error.class.ts","statementMap":{"0":{"start":{"line":6,"column":2},"end":{"line":6,"column":17}},"1":{"start":{"line":7,"column":2},"end":{"line":7,"column":31}},"2":{"start":{"line":8,"column":2},"end":{"line":8,"column":25}},"3":{"start":{"line":9,"column":2},"end":{"line":9,"column":25}},"4":{"start":{"line":1,"column":0},"end":{"line":1,"column":13}}},"fnMap":{"0":{"name":"(anonymous_0)","decl":{"start":{"line":5,"column":1},"end":{"line":5,"column":13}},"loc":{"start":{"line":5,"column":66},"end":{"line":10,"column":2}}}},"branchMap":{},"s":{"0":2,"1":2,"2":2,"3":2,"4":1},"f":{"0":2},"b":{}}
,"/home/notrodans/projects/api-express/src/logger/logger.service.ts": {"path":"/home/notrodans/projects/api-express/src/logger/logger.service.ts","statementMap":{"0":{"start":{"line":1,"column":0},"end":{"line":1,"column":39}},"1":{"start":{"line":2,"column":0},"end":{"line":2,"column":31}},"2":{"start":{"line":4,"column":0},"end":{"line":4,"column":26}},"3":{"start":{"line":7,"column":7},"end":{"line":30,"column":null}},"4":{"start":{"line":11,"column":2},"end":{"line":16,"column":5}},"5":{"start":{"line":20,"column":2},"end":{"line":20,"column":28}},"6":{"start":{"line":24,"column":2},"end":{"line":24,"column":29}},"7":{"start":{"line":28,"column":2},"end":{"line":28,"column":28}},"8":{"start":{"line":7,"column":13},"end":{"line":30,"column":null}},"9":{"start":{"line":7,"column":13},"end":{"line":7,"column":26}}},"fnMap":{"0":{"name":"(anonymous_2)","decl":{"start":{"line":10,"column":1},"end":{"line":10,"column":null}},"loc":{"start":{"line":10,"column":1},"end":{"line":17,"column":2}}},"1":{"name":"(anonymous_3)","decl":{"start":{"line":19,"column":1},"end":{"line":19,"column":4}},"loc":{"start":{"line":19,"column":23},"end":{"line":21,"column":2}}},"2":{"name":"(anonymous_4)","decl":{"start":{"line":23,"column":1},"end":{"line":23,"column":6}},"loc":{"start":{"line":23,"column":25},"end":{"line":25,"column":2}}},"3":{"name":"(anonymous_5)","decl":{"start":{"line":27,"column":1},"end":{"line":27,"column":5}},"loc":{"start":{"line":27,"column":24},"end":{"line":29,"column":2}}}},"branchMap":{},"s":{"0":1,"1":1,"2":1,"3":1,"4":1,"5":6,"6":2,"7":0,"8":1,"9":1},"f":{"0":1,"1":6,"2":2,"3":0},"b":{}}
,"/home/notrodans/projects/api-express/src/users/user.entity.ts": {"path":"/home/notrodans/projects/api-express/src/users/user.entity.ts","statementMap":{"0":{"start":{"line":1,"column":0},"end":{"line":1,"column":41}},"1":{"start":{"line":6,"column":19},"end":{"line":6,"column":33}},"2":{"start":{"line":7,"column":19},"end":{"line":7,"column":32}},"3":{"start":{"line":10,"column":2},"end":{"line":12,"column":null}},"4":{"start":{"line":11,"column":3},"end":{"line":11,"column":33}},"5":{"start":{"line":16,"column":2},"end":{"line":16,"column":21}},"6":{"start":{"line":20,"column":2},"end":{"line":20,"column":20}},"7":{"start":{"line":24,"column":2},"end":{"line":24,"column":24}},"8":{"start":{"line":28,"column":2},"end":{"line":28,"column":42}},"9":{"start":{"line":32,"column":2},"end":{"line":32,"column":45}},"10":{"start":{"line":3,"column":0},"end":{"line":3,"column":13}}},"fnMap":{"0":{"name":"(anonymous_7)","decl":{"start":{"line":5,"column":1},"end":{"line":5,"column":null}},"loc":{"start":{"line":8,"column":23},"end":{"line":13,"column":2}}},"1":{"name":"(anonymous_8)","decl":{"start":{"line":15,"column":1},"end":{"line":15,"column":5}},"loc":{"start":{"line":15,"column":10},"end":{"line":17,"column":2}}},"2":{"name":"(anonymous_9)","decl":{"start":{"line":19,"column":1},"end":{"line":19,"column":5}},"loc":{"start":{"line":19,"column":9},"end":{"line":21,"column":2}}},"3":{"name":"(anonymous_10)","decl":{"start":{"line":23,"column":1},"end":{"line":23,"column":5}},"loc":{"start":{"line":23,"column":13},"end":{"line":25,"column":2}}},"4":{"name":"(anonymous_11)","decl":{"start":{"line":27,"column":14},"end":{"line":27,"column":25}},"loc":{"start":{"line":27,"column":52},"end":{"line":29,"column":null}}},"5":{"name":"(anonymous_13)","decl":{"start":{"line":31,"column":14},"end":{"line":31,"column":29}},"loc":{"start":{"line":31,"column":42},"end":{"line":33,"column":null}}}},"branchMap":{"0":{"loc":{"start":{"line":10,"column":2},"end":{"line":12,"column":null}},"type":"if","locations":[{"start":{"line":10,"column":2},"end":{"line":12,"column":null}}]}},"s":{"0":1,"1":3,"2":3,"3":3,"4":3,"5":0,"6":0,"7":0,"8":0,"9":3,"10":1},"f":{"0":3,"1":0,"2":0,"3":0,"4":0,"5":3},"b":{"0":[3]}}
,"/home/notrodans/projects/api-express/src/users/users.controller.ts": {"path":"/home/notrodans/projects/api-express/src/users/users.controller.ts","statementMap":{"0":{"start":{"line":2,"column":0},"end":{"line":2,"column":59}},"1":{"start":{"line":3,"column":0},"end":{"line":3,"column":55}},"2":{"start":{"line":4,"column":0},"end":{"line":4,"column":47}},"3":{"start":{"line":5,"column":0},"end":{"line":5,"column":33}},"4":{"start":{"line":8,"column":0},"end":{"line":8,"column":52}},"5":{"start":{"line":9,"column":0},"end":{"line":9,"column":58}},"6":{"start":{"line":10,"column":0},"end":{"line":10,"column":67}},"7":{"start":{"line":11,"column":0},"end":{"line":11,"column":36}},"8":{"start":{"line":14,"column":0},"end":{"line":14,"column":49}},"9":{"start":{"line":17,"column":7},"end":{"line":93,"column":null}},"10":{"start":{"line":23,"column":2},"end":{"line":23,"column":23}},"11":{"start":{"line":19,"column":42},"end":{"line":19,"column":64}},"12":{"start":{"line":20,"column":46},"end":{"line":20,"column":72}},"13":{"start":{"line":21,"column":48},"end":{"line":21,"column":77}},"14":{"start":{"line":24,"column":2},"end":{"line":43,"column":5}},"15":{"start":{"line":51,"column":17},"end":{"line":51,"column":58}},"16":{"start":{"line":52,"column":2},"end":{"line":54,"column":null}},"17":{"start":{"line":53,"column":3},"end":{"line":53,"column":66}},"18":{"start":{"line":55,"column":14},"end":{"line":55,"column":78}},"19":{"start":{"line":56,"column":2},"end":{"line":56,"column":24}},"20":{"start":{"line":60,"column":17},"end":{"line":60,"column":56}},"21":{"start":{"line":61,"column":2},"end":{"line":63,"column":null}},"22":{"start":{"line":62,"column":3},"end":{"line":62,"column":72}},"23":{"start":{"line":64,"column":2},"end":{"line":64,"column":55}},"24":{"start":{"line":68,"column":21},"end":{"line":68,"column":58}},"25":{"start":{"line":69,"column":2},"end":{"line":71,"column":null}},"26":{"start":{"line":70,"column":3},"end":{"line":70,"column":69}},"27":{"start":{"line":72,"column":2},"end":{"line":72,"column":65}},"28":{"start":{"line":76,"column":2},"end":{"line":91,"column":5}},"29":{"start":{"line":77,"column":3},"end":{"line":90,"column":5}},"30":{"start":{"line":85,"column":5},"end":{"line":87,"column":null}},"31":{"start":{"line":86,"column":6},"end":{"line":86,"column":18}},"32":{"start":{"line":88,"column":5},"end":{"line":88,"column":30}},"33":{"start":{"line":17,"column":13},"end":{"line":93,"column":null}},"34":{"start":{"line":17,"column":13},"end":{"line":17,"column":27}}},"fnMap":{"0":{"name":"(anonymous_11)","decl":{"start":{"line":18,"column":1},"end":{"line":18,"column":null}},"loc":{"start":{"line":21,"column":77},"end":{"line":44,"column":2}}},"1":{"name":"(anonymous_12)","decl":{"start":{"line":46,"column":7},"end":{"line":46,"column":12}},"loc":{"start":{"line":49,"column":20},"end":{"line":57,"column":null}}},"2":{"name":"(anonymous_14)","decl":{"start":{"line":59,"column":7},"end":{"line":59,"column":15}},"loc":{"start":{"line":59,"column":93},"end":{"line":65,"column":null}}},"3":{"name":"(anonymous_16)","decl":{"start":{"line":67,"column":7},"end":{"line":67,"column":11}},"loc":{"start":{"line":67,"column":89},"end":{"line":73,"column":null}}},"4":{"name":"(anonymous_18)","decl":{"start":{"line":75,"column":9},"end":{"line":75,"column":16}},"loc":{"start":{"line":75,"column":46},"end":{"line":92,"column":2}}},"5":{"name":"(anonymous_19)","decl":{"start":{"line":76,"column":29},"end":{"line":76,"column":30}},"loc":{"start":{"line":76,"column":49},"end":{"line":91,"column":3}}},"6":{"name":"(anonymous_20)","decl":{"start":{"line":84,"column":4},"end":{"line":84,"column":5}},"loc":{"start":{"line":84,"column":19},"end":{"line":89,"column":5}}}},"branchMap":{"0":{"loc":{"start":{"line":52,"column":2},"end":{"line":54,"column":null}},"type":"if","locations":[{"start":{"line":52,"column":2},"end":{"line":54,"column":null}}]},"1":{"loc":{"start":{"line":61,"column":2},"end":{"line":63,"column":null}},"type":"if","locations":[{"start":{"line":61,"column":2},"end":{"line":63,"column":null}}]},"2":{"loc":{"start":{"line":69,"column":2},"end":{"line":71,"column":null}},"type":"if","locations":[{"start":{"line":69,"column":2},"end":{"line":71,"column":null}}]},"3":{"loc":{"start":{"line":72,"column":24},"end":{"line":72,"column":41}},"type":"cond-expr","locations":[{"start":{"line":72,"column":34},"end":{"line":72,"column":36}},{"start":{"line":72,"column":24},"end":{"line":72,"column":41}}]},"4":{"loc":{"start":{"line":72,"column":24},"end":{"line":72,"column":36}},"type":"binary-expr","locations":[{"start":{"line":72,"column":24},"end":{"line":72,"column":36}},{"start":{"line":72,"column":24},"end":{"line":72,"column":36}}]},"5":{"loc":{"start":{"line":72,"column":47},"end":{"line":72,"column":61}},"type":"cond-expr","locations":[{"start":{"line":72,"column":57},"end":{"line":72,"column":59}},{"start":{"line":72,"column":47},"end":{"line":72,"column":61}}]},"6":{"loc":{"start":{"line":72,"column":47},"end":{"line":72,"column":59}},"type":"binary-expr","locations":[{"start":{"line":72,"column":47},"end":{"line":72,"column":59}},{"start":{"line":72,"column":47},"end":{"line":72,"column":59}}]},"7":{"loc":{"start":{"line":85,"column":5},"end":{"line":87,"column":null}},"type":"if","locations":[{"start":{"line":85,"column":5},"end":{"line":87,"column":null}}]}},"s":{"0":1,"1":1,"2":1,"3":1,"4":1,"5":1,"6":1,"7":1,"8":1,"9":1,"10":1,"11":1,"12":1,"13":1,"14":1,"15":3,"16":3,"17":2,"18":1,"19":1,"20":0,"21":0,"22":0,"23":0,"24":1,"25":1,"26":0,"27":1,"28":1,"29":1,"30":1,"31":0,"32":1,"33":1,"34":1},"f":{"0":1,"1":3,"2":0,"3":1,"4":1,"5":1,"6":1},"b":{"0":[2],"1":[0],"2":[0],"3":[0,1],"4":[1,1],"5":[0,1],"6":[1,1],"7":[0]}}
,"/home/notrodans/projects/api-express/src/users/users.repository.ts": {"path":"/home/notrodans/projects/api-express/src/users/users.repository.ts","statementMap":{"0":{"start":{"line":2,"column":0},"end":{"line":2,"column":59}},"1":{"start":{"line":3,"column":0},"end":{"line":3,"column":33}},"2":{"start":{"line":4,"column":0},"end":{"line":4,"column":47}},"3":{"start":{"line":9,"column":7},"end":{"line":29,"column":null}},"4":{"start":{"line":10,"column":59},"end":{"line":10,"column":74}},"5":{"start":{"line":13,"column":2},"end":{"line":19,"column":5}},"6":{"start":{"line":23,"column":2},"end":{"line":27,"column":5}},"7":{"start":{"line":9,"column":13},"end":{"line":29,"column":null}},"8":{"start":{"line":9,"column":13},"end":{"line":9,"column":28}}},"fnMap":{"0":{"name":"(anonymous_11)","decl":{"start":{"line":10,"column":1},"end":{"line":10,"column":14}},"loc":{"start":{"line":10,"column":87},"end":{"line":10,"column":91}}},"1":{"name":"(anonymous_12)","decl":{"start":{"line":12,"column":7},"end":{"line":12,"column":13}},"loc":{"start":{"line":12,"column":51},"end":{"line":20,"column":null}}},"2":{"name":"(anonymous_14)","decl":{"start":{"line":22,"column":7},"end":{"line":22,"column":11}},"loc":{"start":{"line":22,"column":25},"end":{"line":28,"column":null}}}},"branchMap":{},"s":{"0":1,"1":1,"2":1,"3":1,"4":1,"5":0,"6":4,"7":1,"8":1},"f":{"0":1,"1":0,"2":4},"b":{}}
,"/home/notrodans/projects/api-express/src/users/users.service.ts": {"path":"/home/notrodans/projects/api-express/src/users/users.service.ts","statementMap":{"0":{"start":{"line":3,"column":0},"end":{"line":3,"column":47}},"1":{"start":{"line":5,"column":0},"end":{"line":5,"column":33}},"2":{"start":{"line":7,"column":0},"end":{"line":7,"column":43}},"3":{"start":{"line":12,"column":7},"end":{"line":41,"column":null}},"4":{"start":{"line":14,"column":48},"end":{"line":14,"column":77}},"5":{"start":{"line":15,"column":50},"end":{"line":15,"column":83}},"6":{"start":{"line":19,"column":18},"end":{"line":19,"column":45}},"7":{"start":{"line":20,"column":15},"end":{"line":20,"column":45}},"8":{"start":{"line":21,"column":2},"end":{"line":21,"column":52}},"9":{"start":{"line":22,"column":22},"end":{"line":22,"column":60}},"10":{"start":{"line":23,"column":2},"end":{"line":25,"column":null}},"11":{"start":{"line":24,"column":3},"end":{"line":24,"column":15}},"12":{"start":{"line":26,"column":2},"end":{"line":26,"column":46}},"13":{"start":{"line":30,"column":22},"end":{"line":30,"column":60}},"14":{"start":{"line":31,"column":2},"end":{"line":33,"column":null}},"15":{"start":{"line":32,"column":3},"end":{"line":32,"column":16}},"16":{"start":{"line":34,"column":18},"end":{"line":34,"column":94}},"17":{"start":{"line":35,"column":2},"end":{"line":35,"column":49}},"18":{"start":{"line":39,"column":2},"end":{"line":39,"column":48}},"19":{"start":{"line":12,"column":13},"end":{"line":41,"column":null}},"20":{"start":{"line":12,"column":13},"end":{"line":12,"column":24}}},"fnMap":{"0":{"name":"(anonymous_11)","decl":{"start":{"line":13,"column":1},"end":{"line":13,"column":null}},"loc":{"start":{"line":15,"column":83},"end":{"line":16,"column":5}}},"1":{"name":"(anonymous_12)","decl":{"start":{"line":18,"column":7},"end":{"line":18,"column":17}},"loc":{"start":{"line":18,"column":60},"end":{"line":27,"column":null}}},"2":{"name":"(anonymous_14)","decl":{"start":{"line":29,"column":7},"end":{"line":29,"column":19}},"loc":{"start":{"line":29,"column":53},"end":{"line":36,"column":null}}},"3":{"name":"(anonymous_16)","decl":{"start":{"line":38,"column":7},"end":{"line":38,"column":15}},"loc":{"start":{"line":38,"column":29},"end":{"line":40,"column":null}}}},"branchMap":{"0":{"loc":{"start":{"line":23,"column":2},"end":{"line":25,"column":null}},"type":"if","locations":[{"start":{"line":23,"column":2},"end":{"line":25,"column":null}}]},"1":{"loc":{"start":{"line":31,"column":2},"end":{"line":33,"column":null}},"type":"if","locations":[{"start":{"line":31,"column":2},"end":{"line":33,"column":null}}]},"2":{"loc":{"start":{"line":34,"column":33},"end":{"line":34,"column":51}},"type":"cond-expr","locations":[{"start":{"line":34,"column":44},"end":{"line":34,"column":46}},{"start":{"line":34,"column":33},"end":{"line":34,"column":51}}]},"3":{"loc":{"start":{"line":34,"column":33},"end":{"line":34,"column":46}},"type":"binary-expr","locations":[{"start":{"line":34,"column":33},"end":{"line":34,"column":46}},{"start":{"line":34,"column":33},"end":{"line":34,"column":46}}]},"4":{"loc":{"start":{"line":34,"column":53},"end":{"line":34,"column":70}},"type":"cond-expr","locations":[{"start":{"line":34,"column":64},"end":{"line":34,"column":66}},{"start":{"line":34,"column":53},"end":{"line":34,"column":70}}]},"5":{"loc":{"start":{"line":34,"column":53},"end":{"line":34,"column":66}},"type":"binary-expr","locations":[{"start":{"line":34,"column":53},"end":{"line":34,"column":66}},{"start":{"line":34,"column":53},"end":{"line":34,"column":66}}]},"6":{"loc":{"start":{"line":34,"column":72},"end":{"line":34,"column":93}},"type":"cond-expr","locations":[{"start":{"line":34,"column":83},"end":{"line":34,"column":85}},{"start":{"line":34,"column":72},"end":{"line":34,"column":93}}]},"7":{"loc":{"start":{"line":34,"column":72},"end":{"line":34,"column":85}},"type":"binary-expr","locations":[{"start":{"line":34,"column":72},"end":{"line":34,"column":85}},{"start":{"line":34,"column":72},"end":{"line":34,"column":85}}]}},"s":{"0":1,"1":1,"2":1,"3":1,"4":1,"5":1,"6":0,"7":0,"8":0,"9":0,"10":0,"11":0,"12":0,"13":3,"14":3,"15":0,"16":3,"17":3,"18":1,"19":1,"20":1},"f":{"0":1,"1":0,"2":3,"3":1},"b":{"0":[0],"1":[0],"2":[0,3],"3":[3,3],"4":[0,3],"5":[3,3],"6":[0,3],"7":[3,3]}}
,"/home/notrodans/projects/api-express/src/users/dto/user-login.dto.ts": {"path":"/home/notrodans/projects/api-express/src/users/dto/user-login.dto.ts","statementMap":{"0":{"start":{"line":1,"column":0},"end":{"line":1,"column":52}},"1":{"start":{"line":4,"column":1},"end":{"line":5,"column":null}},"2":{"start":{"line":7,"column":1},"end":{"line":8,"column":null}},"3":{"start":{"line":3,"column":0},"end":{"line":3,"column":13}}},"fnMap":{},"branchMap":{},"s":{"0":1,"1":1,"2":1,"3":1},"f":{},"b":{}}
,"/home/notrodans/projects/api-express/src/users/dto/user-register.dto.ts": {"path":"/home/notrodans/projects/api-express/src/users/dto/user-register.dto.ts","statementMap":{"0":{"start":{"line":1,"column":0},"end":{"line":1,"column":52}},"1":{"start":{"line":4,"column":1},"end":{"line":5,"column":null}},"2":{"start":{"line":7,"column":1},"end":{"line":8,"column":null}},"3":{"start":{"line":10,"column":1},"end":{"line":11,"column":null}},"4":{"start":{"line":3,"column":0},"end":{"line":3,"column":13}}},"fnMap":{},"branchMap":{},"s":{"0":1,"1":1,"2":1,"3":1,"4":1},"f":{},"b":{}}
}
